<?xml version="1.0" encoding="UTF-8" ?>
<testsuite tests="1" failures="0" name="com.study.service.UserServiceTest" time="1.148" errors="0" skipped="0">
  <properties>
    <property name="idea.version" value="2020.3.1"/>
    <property name="java.runtime.name" value="OpenJDK Runtime Environment"/>
    <property name="java.vm.version" value="11.0.9.1+11-b1145.63"/>
    <property name="sun.boot.library.path" value="D:\IntelliJ IDEA 2020.3.1\jbr\bin"/>
    <property name="maven.multiModuleProjectDirectory" value="E:\Idea Projects\MyJavaStudy\Sprint_mybatis"/>
    <property name="java.vm.vendor" value="JetBrains s.r.o."/>
    <property name="java.vendor.url" value="https://openjdk.java.net/"/>
    <property name="guice.disable.misplaced.annotation.check" value="true"/>
    <property name="path.separator" value=";"/>
    <property name="java.vm.name" value="OpenJDK 64-Bit Server VM"/>
    <property name="sun.os.patch.level" value=""/>
    <property name="user.script" value=""/>
    <property name="user.country" value="CN"/>
    <property name="sun.java.launcher" value="SUN_STANDARD"/>
    <property name="java.vm.specification.name" value="Java Virtual Machine Specification"/>
    <property name="user.dir" value="E:\Idea Projects\MyJavaStudy\Sprint_mybatis"/>
    <property name="java.vm.compressedOopsMode" value="Zero based"/>
    <property name="java.runtime.version" value="11.0.9.1+11-b1145.63"/>
    <property name="java.awt.graphicsenv" value="sun.awt.Win32GraphicsEnvironment"/>
    <property name="os.arch" value="amd64"/>
    <property name="java.io.tmpdir" value="C:\Users\win10\AppData\Local\Temp\"/>
    <property name="line.separator" value="
"/>
    <property name="java.vm.specification.vendor" value="Oracle Corporation"/>
    <property name="user.variant" value=""/>
    <property name="os.name" value="Windows 10"/>
    <property name="maven.ext.class.path" value="D:\IntelliJ IDEA 2020.3.1\plugins\maven\lib\maven-event-listener.jar"/>
    <property name="classworlds.conf" value="D:\apache-maven-3.6.3-bin\bin\m2.conf"/>
    <property name="sun.jnu.encoding" value="GBK"/>
    <property name="java.library.path" value="D:\IntelliJ IDEA 2020.3.1\jbr\bin;C:\WINDOWS\Sun\Java\bin;C:\WINDOWS\system32;C:\WINDOWS;C:\Program Files\Common Files\Oracle\Java\javapath;C:\Program Files (x86)\Common Files\Oracle\Java\javapath;C:\Program Files\Microsoft MPI\Bin\;C:\WINDOWS\system32;C:\WINDOWS;C:\WINDOWS\System32\Wbem;C:\WINDOWS\System32\WindowsPowerShell\v1.0\;C:\WINDOWS\System32\OpenSSH\;D:\Java\jdk-15.0.1\bin;C:\Program Files\Microsoft SQL Server\Client SDK\ODBC\170\Tools\Binn\;C:\Program Files (x86)\Microsoft SQL Server\150\Tools\Binn\;C:\Program Files\Microsoft SQL Server\150\Tools\Binn\;C:\Program Files\Microsoft SQL Server\150\DTS\Binn\;D:\nodejs\node_global\;D:\apache-tomcat-9.0.43\bin;D:\apache-tomcat-9.0.43\lib;D:\apache-maven-3.6.3-bin\bin;D:\python3.6.3\Scripts\;D:\python3.6.3\;C:\Program Files\dotnet\;D:\Redis5.01\;D:\xshell7\;D:\Xftp7\;D:\Git\Git\bin;C:\ProgramData\chocolatey\bin;D:\python3.8.3\Scripts\;D:\python3.8.3\;C:\Python39\Scripts\;C:\Python39\;C:\Program Files\Docker\Docker\resources\bin;C:\ProgramData\DockerDesktop\version-bin;C:\WINDOWS\system32;C:\WINDOWS;C:\WINDOWS\System32\Wbem;C:\WINDOWS\System32\WindowsPowerShell\v1.0\;C:\WINDOWS\System32\OpenSSH\;C:\Program Files (x86)\dotnet\;D:\TortoiseGit\bin;D:\nodejs\;D:\python3.6.3\Scripts\;D:\python3.6.3\;D:\python3.8.3\Scripts\;D:\python3.8.3\;C:\Users\win10\AppData\Local\Microsoft\WindowsApps;D:\PyCharm\PyCharm Professional Edition with Anaconda plugin 2020.1\bin;;D:\Microsoft VS Code\bin;D:\IntelliJ IDEA 2020.3.1\bin;;C:\Users\win10\.dotnet\tools;C:\Users\win10\AppData\Roaming\npm;."/>
    <property name="maven.conf" value="D:\apache-maven-3.6.3-bin/conf"/>
    <property name="jdk.debug" value="release"/>
    <property name="java.class.version" value="55.0"/>
    <property name="java.specification.name" value="Java Platform API Specification"/>
    <property name="sun.management.compiler" value="HotSpot 64-Bit Tiered Compilers"/>
    <property name="maven.repo.local" value="D:\maven-repository\repository"/>
    <property name="os.version" value="10.0"/>
    <property name="user.home" value="C:\Users\win10"/>
    <property name="user.timezone" value="Asia/Shanghai"/>
    <property name="java.awt.printerjob" value="sun.awt.windows.WPrinterJob"/>
    <property name="file.encoding" value="UTF-8"/>
    <property name="java.specification.version" value="11"/>
    <property name="user.name" value="win10"/>
    <property name="java.class.path" value="D:\apache-maven-3.6.3-bin\boot\plexus-classworlds-2.6.0.jar;D:\apache-maven-3.6.3-bin\boot\plexus-classworlds.license"/>
    <property name="java.vm.specification.version" value="11"/>
    <property name="sun.arch.data.model" value="64"/>
    <property name="sun.java.command" value="org.codehaus.classworlds.Launcher -Didea.version=2020.3.1 --update-snapshots -s D:\apache-maven-3.6.3-bin\conf\settings.xml -Dmaven.repo.local=D:\maven-repository\repository install --non-recursive"/>
    <property name="java.home" value="D:\IntelliJ IDEA 2020.3.1\jbr"/>
    <property name="user.language" value="zh"/>
    <property name="java.specification.vendor" value="Oracle Corporation"/>
    <property name="awt.toolkit" value="sun.awt.windows.WToolkit"/>
    <property name="java.vm.info" value="mixed mode"/>
    <property name="java.version" value="11.0.9.1"/>
    <property name="java.vendor" value="JetBrains s.r.o."/>
    <property name="maven.home" value="D:\apache-maven-3.6.3-bin"/>
    <property name="file.separator" value="\"/>
    <property name="java.version.date" value="2020-11-04"/>
    <property name="java.vendor.url.bug" value="https://bugreport.java.com/bugreport/"/>
    <property name="sun.io.unicode.encoding" value="UnicodeLittle"/>
    <property name="sun.cpu.endian" value="little"/>
    <property name="java.vendor.version" value="JBR-11.0.9.1.11-1145.63-jcef"/>
    <property name="sun.desktop" value="windows"/>
    <property name="sun.cpu.isalist" value="amd64"/>
  </properties>
  <testcase classname="com.study.service.UserServiceTest" name="testFindByID" time="1.148"/>
</testsuite>